<?xml version="1.0" encoding="UTF-8"?>
<!-- Generated by org.testng.reporters.JUnitReportReporter -->
<testsuite hostname="LAPTOP-B89TJRJV" failures="0" tests="1" name="yashbaliyanacademy.tests.ErrorValidationsTest" time="10.702" errors="0" timestamp="2025-09-14T03:45:29 IST" skipped="0">
  <testcase classname="yashbaliyanacademy.tests.ErrorValidationsTest" name="LoginErrorValidation" time="10.702"/>
</testsuite> <!-- yashbaliyanacademy.tests.ErrorValidationsTest -->
