<?xml version="1.0" encoding="UTF-8"?>
<!-- Generated by org.testng.reporters.JUnitReportReporter -->
<testsuite hostname="LAPTOP-B89TJRJV" failures="0" tests="1" name="cucumber.TestNGTestRunner" time="3.364" errors="0" timestamp="2025-09-15T03:18:00 IST" skipped="0">
  <testcase classname="cucumber.TestNGTestRunner" name="runScenario" time="3.364"/>
</testsuite> <!-- cucumber.TestNGTestRunner -->
