<?xml version="1.0" encoding="UTF-8"?>
<!-- Generated by org.testng.reporters.JUnitReportReporter -->
<testsuite hostname="LAPTOP-B89TJRJV" failures="0" tests="3" name="yashbaliyanacademy.tests.SubmitOrderTest" time="32.964" errors="0" timestamp="2025-09-11T21:11:09 IST" skipped="0">
  <testcase classname="yashbaliyanacademy.tests.SubmitOrderTest" name="submitOrder" time="9.291"/>
  <testcase classname="yashbaliyanacademy.tests.SubmitOrderTest" name="OrderHistoryTest" time="18.508"/>
  <testcase classname="yashbaliyanacademy.tests.SubmitOrderTest" name="submitOrder" time="5.165"/>
</testsuite> <!-- yashbaliyanacademy.tests.SubmitOrderTest -->
