<?xml version="1.0" encoding="UTF-8"?>
<!-- Generated by org.testng.reporters.JUnitReportReporter -->
<testsuite hostname="LAPTOP-B89TJRJV" failures="0" tests="1" name="yashbaliyanacademy.tests.ErrorValidations" time="3.794" errors="0" timestamp="2025-08-27T19:33:21 IST" skipped="0">
  <testcase classname="yashbaliyanacademy.tests.ErrorValidations" name="submitOrder" time="3.794"/>
</testsuite> <!-- yashbaliyanacademy.tests.ErrorValidations -->
