<?xml version="1.0" encoding="UTF-8"?>
<!-- Generated by org.testng.reporters.JUnitReportReporter -->
<testsuite hostname="LAPTOP-B89TJRJV" failures="0" tests="2" name="yashbaliyanacademy.tests.ErrorValidationsTest" time="19.803" errors="0" timestamp="2025-09-12T18:54:34 IST" skipped="0">
  <testcase classname="yashbaliyanacademy.tests.ErrorValidationsTest" name="LoginErrorValidation" time="9.080"/>
  <testcase classname="yashbaliyanacademy.tests.ErrorValidationsTest" name="ProductErrorValidation" time="10.723"/>
</testsuite> <!-- yashbaliyanacademy.tests.ErrorValidationsTest -->
