<?xml version="1.0" encoding="UTF-8"?>
<!-- Generated by org.testng.reporters.JUnitReportReporter -->
<testsuite hostname="LAPTOP-B89TJRJV" failures="0" tests="3" name="yashbaliyanacademy.tests.SubmitOrderTest" time="31.440" errors="0" timestamp="2025-09-12T18:54:34 IST" skipped="0">
  <testcase classname="yashbaliyanacademy.tests.SubmitOrderTest" name="submitOrder" time="15.014"/>
  <testcase classname="yashbaliyanacademy.tests.SubmitOrderTest" name="submitOrder" time="10.741"/>
  <testcase classname="yashbaliyanacademy.tests.SubmitOrderTest" name="OrderHistoryTest" time="5.685"/>
</testsuite> <!-- yashbaliyanacademy.tests.SubmitOrderTest -->
